# JRE version: Java(TM) SE Runtime Environment (8.0_73-b02) (build 1.8.0_73-b02)
# Java VM: Java HotSpot(TM) 64-Bit Server VM (25.73-b02 mixed mode windows-amd64 compressed oops)
Heap:
 PSYoungGen      total 71680K, used 20021K [0x00000000d5f00000, 0x00000000daa00000, 0x0000000100000000)
  eden space 66560K, 22% used [0x00000000d5f00000,0x00000000d6d90fd0,0x00000000da000000)
  from space 5120K, 99% used [0x00000000da000000,0x00000000da4fc710,0x00000000da500000)
  to   space 5120K, 0% used [0x00000000da500000,0x00000000da500000,0x00000000daa00000)
 ParOldGen       total 41984K, used 5548K [0x0000000081c00000, 0x0000000084500000, 0x00000000d5f00000)
  object space 41984K, 13% used [0x0000000081c00000,0x000000008216b3e8,0x0000000084500000)
 Metaspace       used 23466K, capacity 23814K, committed 24064K, reserved 1073152K
  class space    used 2921K, capacity 3028K, committed 3072K, reserved 1048576K
GC Heap History (10 events):
Event: 1.865 GC heap before
{Heap before GC invocations=2 (full 0):
 PSYoungGen      total 38400K, used 37813K [0x00000000d5f00000, 0x00000000d8980000, 0x0000000100000000)
  eden space 33280K, 100% used [0x00000000d5f00000,0x00000000d7f80000,0x00000000d7f80000)
  from space 5120K, 88% used [0x00000000d7f80000,0x00000000d83ed570,0x00000000d8480000)
  to   space 5120K, 0% used [0x00000000d8480000,0x00000000d8480000,0x00000000d8980000)
 ParOldGen       total 87552K, used 8K [0x0000000081c00000, 0x0000000087180000, 0x00000000d5f00000)
  object space 87552K, 0% used [0x0000000081c00000,0x0000000081c02000,0x0000000087180000)
 Metaspace       used 12188K, capacity 12338K, committed 12672K, reserved 1060864K
  class space    used 1528K, capacity 1563K, committed 1664K, reserved 1048576K
Event: 1.874 GC heap after
Heap after GC invocations=2 (full 0):
 PSYoungGen      total 38400K, used 5090K [0x00000000d5f00000, 0x00000000d8980000, 0x0000000100000000)
  eden space 33280K, 0% used [0x00000000d5f00000,0x00000000d5f00000,0x00000000d7f80000)
  from space 5120K, 99% used [0x00000000d8480000,0x00000000d8978b88,0x00000000d8980000)
  to   space 5120K, 0% used [0x00000000d7f80000,0x00000000d7f80000,0x00000000d8480000)
 ParOldGen       total 87552K, used 831K [0x0000000081c00000, 0x0000000087180000, 0x00000000d5f00000)
  object space 87552K, 0% used [0x0000000081c00000,0x0000000081ccfe38,0x0000000087180000)
 Metaspace       used 12188K, capacity 12338K, committed 12672K, reserved 1060864K
  class space    used 1528K, capacity 1563K, committed 1664K, reserved 1048576K
}
Event: 2.239 GC heap before
{Heap before GC invocations=3 (full 0):
 PSYoungGen      total 38400K, used 38370K [0x00000000d5f00000, 0x00000000d8980000, 0x0000000100000000)
  eden space 33280K, 100% used [0x00000000d5f00000,0x00000000d7f80000,0x00000000d7f80000)
  from space 5120K, 99% used [0x00000000d8480000,0x00000000d8978b88,0x00000000d8980000)
  to   space 5120K, 0% used [0x00000000d7f80000,0x00000000d7f80000,0x00000000d8480000)
 ParOldGen       total 87552K, used 831K [0x0000000081c00000, 0x0000000087180000, 0x00000000d5f00000)
  object space 87552K, 0% used [0x0000000081c00000,0x0000000081ccfe38,0x0000000087180000)
 Metaspace       used 16417K, capacity 16586K, committed 16768K, reserved 1064960K
  class space    used 2029K, capacity 2079K, committed 2176K, reserved 1048576K
Event: 2.246 GC heap after
Heap after GC invocations=3 (full 0):
 PSYoungGen      total 38400K, used 5110K [0x00000000d5f00000, 0x00000000daa00000, 0x0000000100000000)
  eden space 33280K, 0% used [0x00000000d5f00000,0x00000000d5f00000,0x00000000d7f80000)
  from space 5120K, 99% used [0x00000000d7f80000,0x00000000d847d8e0,0x00000000d8480000)
  to   space 5120K, 0% used [0x00000000da500000,0x00000000da500000,0x00000000daa00000)
 ParOldGen       total 87552K, used 2625K [0x0000000081c00000, 0x0000000087180000, 0x00000000d5f00000)
  object space 87552K, 2% used [0x0000000081c00000,0x0000000081e906a8,0x0000000087180000)
 Metaspace       used 16417K, capacity 16586K, committed 16768K, reserved 1064960K
  class space    used 2029K, capacity 2079K, committed 2176K, reserved 1048576K
}
Event: 2.249 GC heap before
{Heap before GC invocations=4 (full 0):
 PSYoungGen      total 38400K, used 5865K [0x00000000d5f00000, 0x00000000daa00000, 0x0000000100000000)
  eden space 33280K, 2% used [0x00000000d5f00000,0x00000000d5fbcc10,0x00000000d7f80000)
  from space 5120K, 99% used [0x00000000d7f80000,0x00000000d847d8e0,0x00000000d8480000)
  to   space 5120K, 0% used [0x00000000da500000,0x00000000da500000,0x00000000daa00000)
 ParOldGen       total 87552K, used 2625K [0x0000000081c00000, 0x0000000087180000, 0x00000000d5f00000)
  object space 87552K, 2% used [0x0000000081c00000,0x0000000081e906a8,0x0000000087180000)
 Metaspace       used 16432K, capacity 16586K, committed 16768K, reserved 1069056K
  class space    used 2031K, capacity 2079K, committed 2176K, reserved 1048576K
Event: 2.255 GC heap after
Heap after GC invocations=4 (full 0):
 PSYoungGen      total 71680K, used 3648K [0x00000000d5f00000, 0x00000000daa00000, 0x0000000100000000)
  eden space 66560K, 0% used [0x00000000d5f00000,0x00000000d5f00000,0x00000000da000000)
  from space 5120K, 71% used [0x00000000da500000,0x00000000da890020,0x00000000daa00000)
  to   space 5120K, 0% used [0x00000000da000000,0x00000000da000000,0x00000000da500000)
 ParOldGen       total 87552K, used 2633K [0x0000000081c00000, 0x0000000087180000, 0x00000000d5f00000)
  object space 87552K, 3% used [0x0000000081c00000,0x0000000081e926a8,0x0000000087180000)
 Metaspace       used 16432K, capacity 16586K, committed 16768K, reserved 1069056K
  class space    used 2031K, capacity 2079K, committed 2176K, reserved 1048576K
}
Event: 2.255 GC heap before
{Heap before GC invocations=5 (full 1):
 PSYoungGen      total 71680K, used 3648K [0x00000000d5f00000, 0x00000000daa00000, 0x0000000100000000)
  eden space 66560K, 0% used [0x00000000d5f00000,0x00000000d5f00000,0x00000000da000000)
  from space 5120K, 71% used [0x00000000da500000,0x00000000da890020,0x00000000daa00000)
  to   space 5120K, 0% used [0x00000000da000000,0x00000000da000000,0x00000000da500000)
 ParOldGen       total 87552K, used 2633K [0x0000000081c00000, 0x0000000087180000, 0x00000000d5f00000)
  object space 87552K, 3% used [0x0000000081c00000,0x0000000081e926a8,0x0000000087180000)
 Metaspace       used 16432K, capacity 16586K, committed 16768K, reserved 1069056K
  class space    used 2031K, capacity 2079K, committed 2176K, reserved 1048576K
Event: 2.283 GC heap after
Heap after GC invocations=5 (full 1):
 PSYoungGen      total 71680K, used 0K [0x00000000d5f00000, 0x00000000daa00000, 0x0000000100000000)
  eden space 66560K, 0% used [0x00000000d5f00000,0x00000000d5f00000,0x00000000da000000)
  from space 5120K, 0% used [0x00000000da500000,0x00000000da500000,0x00000000daa00000)
  to   space 5120K, 0% used [0x00000000da000000,0x00000000da000000,0x00000000da500000)
 ParOldGen       total 41984K, used 3605K [0x0000000081c00000, 0x0000000084500000, 0x00000000d5f00000)
  object space 41984K, 8% used [0x0000000081c00000,0x0000000081f85618,0x0000000084500000)
 Metaspace       used 16432K, capacity 16586K, committed 16768K, reserved 1067008K
  class space    used 2031K, capacity 2079K, committed 2176K, reserved 1048576K
}
Event: 3.471 GC heap before
{Heap before GC invocations=6 (full 1):
 PSYoungGen      total 71680K, used 66560K [0x00000000d5f00000, 0x00000000daa00000, 0x0000000100000000)
  eden space 66560K, 100% used [0x00000000d5f00000,0x00000000da000000,0x00000000da000000)
  from space 5120K, 0% used [0x00000000da500000,0x00000000da500000,0x00000000daa00000)
  to   space 5120K, 0% used [0x00000000da000000,0x00000000da000000,0x00000000da500000)
 ParOldGen       total 41984K, used 3605K [0x0000000081c00000, 0x0000000084500000, 0x00000000d5f00000)
  object space 41984K, 8% used [0x0000000081c00000,0x0000000081f85618,0x0000000084500000)
 Metaspace       used 22746K, capacity 23034K, committed 23168K, reserved 1071104K
  class space    used 2818K, capacity 2898K, committed 2944K, reserved 1048576K
Event: 3.490 GC heap after
Heap after GC invocations=6 (full 1):
 PSYoungGen      total 71680K, used 5105K [0x00000000d5f00000, 0x00000000daa00000, 0x0000000100000000)
  eden space 66560K, 0% used [0x00000000d5f00000,0x00000000d5f00000,0x00000000da000000)
  from space 5120K, 99% used [0x00000000da000000,0x00000000da4fc710,0x00000000da500000)
  to   space 5120K, 0% used [0x00000000da500000,0x00000000da500000,0x00000000daa00000)
 ParOldGen       total 41984K, used 5548K [0x0000000081c00000, 0x0000000084500000, 0x00000000d5f00000)
  object space 41984K, 13% used [0x0000000081c00000,0x000000008216b3e8,0x0000000084500000)
 Metaspace       used 22746K, capacity 23034K, committed 23168K, reserved 1071104K
  class space    used 2818K, capacity 2898K, committed 2944K, reserved 1048576K
}

